==9169== Memcheck, a memory error detector
==9169== Copyright (C) 2002-2017, and GNU GPL'd, by Julian Seward et al.
==9169== Using Valgrind-3.15.0 and LibVEX; rerun with -h for copyright info
==9169== Command: ./a.out
==9169== Parent PID: 1036
==9169== 
==9169== Invalid read of size 1
==9169==    at 0x10A46C: getTotalCoordinatesInMap (in /home/wenju/pico/ICT2104Project/Mapping/a.out)
==9169==    by 0x10A89A: copyMap (in /home/wenju/pico/ICT2104Project/Mapping/a.out)
==9169==    by 0x109FCD: findShortestPathInMap (in /home/wenju/pico/ICT2104Project/Mapping/a.out)
==9169==    by 0x10A318: main (in /home/wenju/pico/ICT2104Project/Mapping/a.out)
==9169==  Address 0x4a4cea3 is 3 bytes inside a block of size 4 free'd
==9169==    at 0x483DFAF: realloc (in /usr/lib/x86_64-linux-gnu/valgrind/vgpreload_memcheck-amd64-linux.so)
==9169==    by 0x10A3B7: updateCoordinateToMap (in /home/wenju/pico/ICT2104Project/Mapping/a.out)
==9169==    by 0x109FBD: findShortestPathInMap (in /home/wenju/pico/ICT2104Project/Mapping/a.out)
==9169==    by 0x10A318: main (in /home/wenju/pico/ICT2104Project/Mapping/a.out)
==9169==  Block was alloc'd at
==9169==    at 0x483B7F3: malloc (in /usr/lib/x86_64-linux-gnu/valgrind/vgpreload_memcheck-amd64-linux.so)
==9169==    by 0x109D6F: findShortestPathInMap (in /home/wenju/pico/ICT2104Project/Mapping/a.out)
==9169==    by 0x10A318: main (in /home/wenju/pico/ICT2104Project/Mapping/a.out)
==9169== 
==9169== Invalid read of size 4
==9169==    at 0x10A8E8: copyMap (in /home/wenju/pico/ICT2104Project/Mapping/a.out)
==9169==    by 0x109FCD: findShortestPathInMap (in /home/wenju/pico/ICT2104Project/Mapping/a.out)
==9169==    by 0x10A318: main (in /home/wenju/pico/ICT2104Project/Mapping/a.out)
==9169==  Address 0x4a4cea0 is 0 bytes inside a block of size 4 free'd
==9169==    at 0x483DFAF: realloc (in /usr/lib/x86_64-linux-gnu/valgrind/vgpreload_memcheck-amd64-linux.so)
==9169==    by 0x10A3B7: updateCoordinateToMap (in /home/wenju/pico/ICT2104Project/Mapping/a.out)
==9169==    by 0x109FBD: findShortestPathInMap (in /home/wenju/pico/ICT2104Project/Mapping/a.out)
==9169==    by 0x10A318: main (in /home/wenju/pico/ICT2104Project/Mapping/a.out)
==9169==  Block was alloc'd at
==9169==    at 0x483B7F3: malloc (in /usr/lib/x86_64-linux-gnu/valgrind/vgpreload_memcheck-amd64-linux.so)
==9169==    by 0x109D6F: findShortestPathInMap (in /home/wenju/pico/ICT2104Project/Mapping/a.out)
==9169==    by 0x10A318: main (in /home/wenju/pico/ICT2104Project/Mapping/a.out)
==9169== 
==9169== Invalid read of size 1
==9169==    at 0x10A46C: getTotalCoordinatesInMap (in /home/wenju/pico/ICT2104Project/Mapping/a.out)
==9169==    by 0x10A663: printMap (in /home/wenju/pico/ICT2104Project/Mapping/a.out)
==9169==    by 0x1093E1: printLinkedlist (in /home/wenju/pico/ICT2104Project/Mapping/a.out)
==9169==    by 0x10A04C: findShortestPathInMap (in /home/wenju/pico/ICT2104Project/Mapping/a.out)
==9169==    by 0x10A318: main (in /home/wenju/pico/ICT2104Project/Mapping/a.out)
==9169==  Address 0x4a4cea3 is 3 bytes inside a block of size 4 free'd
==9169==    at 0x483DFAF: realloc (in /usr/lib/x86_64-linux-gnu/valgrind/vgpreload_memcheck-amd64-linux.so)
==9169==    by 0x10A3B7: updateCoordinateToMap (in /home/wenju/pico/ICT2104Project/Mapping/a.out)
==9169==    by 0x109FBD: findShortestPathInMap (in /home/wenju/pico/ICT2104Project/Mapping/a.out)
==9169==    by 0x10A318: main (in /home/wenju/pico/ICT2104Project/Mapping/a.out)
==9169==  Block was alloc'd at
==9169==    at 0x483B7F3: malloc (in /usr/lib/x86_64-linux-gnu/valgrind/vgpreload_memcheck-amd64-linux.so)
==9169==    by 0x109D6F: findShortestPathInMap (in /home/wenju/pico/ICT2104Project/Mapping/a.out)
==9169==    by 0x10A318: main (in /home/wenju/pico/ICT2104Project/Mapping/a.out)
==9169== 
==9169== Invalid read of size 4
==9169==    at 0x10A684: printMap (in /home/wenju/pico/ICT2104Project/Mapping/a.out)
==9169==    by 0x1093E1: printLinkedlist (in /home/wenju/pico/ICT2104Project/Mapping/a.out)
==9169==    by 0x10A04C: findShortestPathInMap (in /home/wenju/pico/ICT2104Project/Mapping/a.out)
==9169==    by 0x10A318: main (in /home/wenju/pico/ICT2104Project/Mapping/a.out)
==9169==  Address 0x4a4cea0 is 0 bytes inside a block of size 4 free'd
==9169==    at 0x483DFAF: realloc (in /usr/lib/x86_64-linux-gnu/valgrind/vgpreload_memcheck-amd64-linux.so)
==9169==    by 0x10A3B7: updateCoordinateToMap (in /home/wenju/pico/ICT2104Project/Mapping/a.out)
==9169==    by 0x109FBD: findShortestPathInMap (in /home/wenju/pico/ICT2104Project/Mapping/a.out)
==9169==    by 0x10A318: main (in /home/wenju/pico/ICT2104Project/Mapping/a.out)
==9169==  Block was alloc'd at
==9169==    at 0x483B7F3: malloc (in /usr/lib/x86_64-linux-gnu/valgrind/vgpreload_memcheck-amd64-linux.so)
==9169==    by 0x109D6F: findShortestPathInMap (in /home/wenju/pico/ICT2104Project/Mapping/a.out)
==9169==    by 0x10A318: main (in /home/wenju/pico/ICT2104Project/Mapping/a.out)
==9169== 
==9169== Invalid free() / delete / delete[] / realloc()
==9169==    at 0x483CA3F: free (in /usr/lib/x86_64-linux-gnu/valgrind/vgpreload_memcheck-amd64-linux.so)
==9169==    by 0x109324: freeList (in /home/wenju/pico/ICT2104Project/Mapping/a.out)
==9169==    by 0x10A062: findShortestPathInMap (in /home/wenju/pico/ICT2104Project/Mapping/a.out)
==9169==    by 0x10A318: main (in /home/wenju/pico/ICT2104Project/Mapping/a.out)
==9169==  Address 0x4a4cea0 is 0 bytes inside a block of size 4 free'd
==9169==    at 0x483DFAF: realloc (in /usr/lib/x86_64-linux-gnu/valgrind/vgpreload_memcheck-amd64-linux.so)
==9169==    by 0x10A3B7: updateCoordinateToMap (in /home/wenju/pico/ICT2104Project/Mapping/a.out)
==9169==    by 0x109FBD: findShortestPathInMap (in /home/wenju/pico/ICT2104Project/Mapping/a.out)
==9169==    by 0x10A318: main (in /home/wenju/pico/ICT2104Project/Mapping/a.out)
==9169==  Block was alloc'd at
==9169==    at 0x483B7F3: malloc (in /usr/lib/x86_64-linux-gnu/valgrind/vgpreload_memcheck-amd64-linux.so)
==9169==    by 0x109D6F: findShortestPathInMap (in /home/wenju/pico/ICT2104Project/Mapping/a.out)
==9169==    by 0x10A318: main (in /home/wenju/pico/ICT2104Project/Mapping/a.out)
==9169== 
==9169== 
==9169== HEAP SUMMARY:
==9169==     in use at exit: 8 bytes in 1 blocks
==9169==   total heap usage: 27 allocs, 27 frees, 14,660 bytes allocated
==9169== 
==9169== 8 bytes in 1 blocks are definitely lost in loss record 1 of 1
==9169==    at 0x483DFAF: realloc (in /usr/lib/x86_64-linux-gnu/valgrind/vgpreload_memcheck-amd64-linux.so)
==9169==    by 0x10A3B7: updateCoordinateToMap (in /home/wenju/pico/ICT2104Project/Mapping/a.out)
==9169==    by 0x109FBD: findShortestPathInMap (in /home/wenju/pico/ICT2104Project/Mapping/a.out)
==9169==    by 0x10A318: main (in /home/wenju/pico/ICT2104Project/Mapping/a.out)
==9169== 
==9169== LEAK SUMMARY:
==9169==    definitely lost: 8 bytes in 1 blocks
==9169==    indirectly lost: 0 bytes in 0 blocks
==9169==      possibly lost: 0 bytes in 0 blocks
==9169==    still reachable: 0 bytes in 0 blocks
==9169==         suppressed: 0 bytes in 0 blocks
==9169== 
==9169== For lists of detected and suppressed errors, rerun with: -s
==9169== ERROR SUMMARY: 6 errors from 6 contexts (suppressed: 0 from 0)
